Started GET "/" for 127.0.0.1 at 2018-04-04 13:12:17 -0400
  
ActiveRecord::PendingMigrationError (

Migrations are pending. To resolve this issue, run:

        bin/rails db:migrate RAILS_ENV=development

):
  
activerecord (5.1.6) lib/active_record/migration.rb:576:in `check_pending!'
activerecord (5.1.6) lib/active_record/migration.rb:553:in `call'
actionpack (5.1.6) lib/action_dispatch/middleware/callbacks.rb:26:in `block in call'
activesupport (5.1.6) lib/active_support/callbacks.rb:97:in `run_callbacks'
actionpack (5.1.6) lib/action_dispatch/middleware/callbacks.rb:24:in `call'
actionpack (5.1.6) lib/action_dispatch/middleware/executor.rb:12:in `call'
actionpack (5.1.6) lib/action_dispatch/middleware/debug_exceptions.rb:59:in `call'
web-console (3.5.1) lib/web_console/middleware.rb:135:in `call_app'
web-console (3.5.1) lib/web_console/middleware.rb:28:in `block in call'
web-console (3.5.1) lib/web_console/middleware.rb:18:in `catch'
web-console (3.5.1) lib/web_console/middleware.rb:18:in `call'
actionpack (5.1.6) lib/action_dispatch/middleware/show_exceptions.rb:31:in `call'
railties (5.1.6) lib/rails/rack/logger.rb:36:in `call_app'
railties (5.1.6) lib/rails/rack/logger.rb:24:in `block in call'
activesupport (5.1.6) lib/active_support/tagged_logging.rb:69:in `block in tagged'
activesupport (5.1.6) lib/active_support/tagged_logging.rb:26:in `tagged'
activesupport (5.1.6) lib/active_support/tagged_logging.rb:69:in `tagged'
railties (5.1.6) lib/rails/rack/logger.rb:24:in `call'
sprockets-rails (3.2.1) lib/sprockets/rails/quiet_assets.rb:13:in `call'
actionpack (5.1.6) lib/action_dispatch/middleware/remote_ip.rb:79:in `call'
actionpack (5.1.6) lib/action_dispatch/middleware/request_id.rb:25:in `call'
rack (2.0.4) lib/rack/method_override.rb:22:in `call'
rack (2.0.4) lib/rack/runtime.rb:22:in `call'
activesupport (5.1.6) lib/active_support/cache/strategy/local_cache_middleware.rb:27:in `call'
actionpack (5.1.6) lib/action_dispatch/middleware/executor.rb:12:in `call'
actionpack (5.1.6) lib/action_dispatch/middleware/static.rb:125:in `call'
rack (2.0.4) lib/rack/sendfile.rb:111:in `call'
railties (5.1.6) lib/rails/engine.rb:522:in `call'
puma (3.11.3) lib/puma/configuration.rb:225:in `call'
puma (3.11.3) lib/puma/server.rb:624:in `handle_request'
puma (3.11.3) lib/puma/server.rb:438:in `process_client'
puma (3.11.3) lib/puma/server.rb:302:in `block in run'
puma (3.11.3) lib/puma/thread_pool.rb:120:in `block in spawn_thread'
  [1m[35m (888.6ms)[0m  [1m[35mCREATE TABLE "schema_migrations" ("version" character varying NOT NULL PRIMARY KEY)[0m
  [1m[35m (270.5ms)[0m  [1m[35mCREATE TABLE "ar_internal_metadata" ("key" character varying NOT NULL PRIMARY KEY, "value" character varying, "created_at" timestamp NOT NULL, "updated_at" timestamp NOT NULL)[0m
  [1m[35m (0.4ms)[0m  [1m[34mSELECT pg_try_advisory_lock(6094577734693688415)[0m
  [1m[35m (109.0ms)[0m  [1m[34mSELECT "schema_migrations"."version" FROM "schema_migrations" ORDER BY "schema_migrations"."version" ASC[0m
Migrating to CreateJokes (20180404161442)
  [1m[35m (0.3ms)[0m  [1m[35mBEGIN[0m
  [1m[35m (108.0ms)[0m  [1m[35mCREATE TABLE "jokes" ("id" bigserial primary key, "created_at" timestamp NOT NULL, "updated_at" timestamp NOT NULL)[0m
  [1m[35mSQL (0.8ms)[0m  [1m[32mINSERT INTO "schema_migrations" ("version") VALUES ($1) RETURNING "version"[0m  [["version", "20180404161442"]]
  [1m[35m (1.7ms)[0m  [1m[35mCOMMIT[0m
  [1m[36mActiveRecord::InternalMetadata Load (0.4ms)[0m  [1m[34mSELECT  "ar_internal_metadata".* FROM "ar_internal_metadata" WHERE "ar_internal_metadata"."key" = $1 LIMIT $2[0m  [["key", "environment"], ["LIMIT", 1]]
  [1m[35m (0.2ms)[0m  [1m[35mBEGIN[0m
  [1m[35mSQL (43.0ms)[0m  [1m[32mINSERT INTO "ar_internal_metadata" ("key", "value", "created_at", "updated_at") VALUES ($1, $2, $3, $4) RETURNING "key"[0m  [["key", "environment"], ["value", "development"], ["created_at", "2018-04-04 17:14:38.197109"], ["updated_at", "2018-04-04 17:14:38.197109"]]
  [1m[35m (1.7ms)[0m  [1m[35mCOMMIT[0m
  [1m[35m (0.2ms)[0m  [1m[34mSELECT pg_advisory_unlock(6094577734693688415)[0m
  [1m[35m (34.8ms)[0m  [1m[34mSELECT "schema_migrations"."version" FROM "schema_migrations" ORDER BY "schema_migrations"."version" ASC[0m
Started GET "/" for 127.0.0.1 at 2018-04-04 13:15:51 -0400
  [1m[35m (0.6ms)[0m  [1m[34mSELECT "schema_migrations"."version" FROM "schema_migrations" ORDER BY "schema_migrations"."version" ASC[0m
Processing by Rails::WelcomeController#index as HTML
  Rendering /Users/hanizahra/.rbenv/versions/2.5.0/lib/ruby/gems/2.5.0/gems/railties-5.1.6/lib/rails/templates/rails/welcome/index.html.erb
  Rendered /Users/hanizahra/.rbenv/versions/2.5.0/lib/ruby/gems/2.5.0/gems/railties-5.1.6/lib/rails/templates/rails/welcome/index.html.erb (2.8ms)
Completed 200 OK in 50ms (Views: 7.9ms | ActiveRecord: 0.0ms)


Started GET "/houses" for 127.0.0.1 at 2018-04-04 13:16:05 -0400
  
ActionController::RoutingError (No route matches [GET] "/houses"):
  
actionpack (5.1.6) lib/action_dispatch/middleware/debug_exceptions.rb:63:in `call'
web-console (3.5.1) lib/web_console/middleware.rb:135:in `call_app'
web-console (3.5.1) lib/web_console/middleware.rb:28:in `block in call'
web-console (3.5.1) lib/web_console/middleware.rb:18:in `catch'
web-console (3.5.1) lib/web_console/middleware.rb:18:in `call'
actionpack (5.1.6) lib/action_dispatch/middleware/show_exceptions.rb:31:in `call'
railties (5.1.6) lib/rails/rack/logger.rb:36:in `call_app'
railties (5.1.6) lib/rails/rack/logger.rb:24:in `block in call'
activesupport (5.1.6) lib/active_support/tagged_logging.rb:69:in `block in tagged'
activesupport (5.1.6) lib/active_support/tagged_logging.rb:26:in `tagged'
activesupport (5.1.6) lib/active_support/tagged_logging.rb:69:in `tagged'
railties (5.1.6) lib/rails/rack/logger.rb:24:in `call'
sprockets-rails (3.2.1) lib/sprockets/rails/quiet_assets.rb:13:in `call'
actionpack (5.1.6) lib/action_dispatch/middleware/remote_ip.rb:79:in `call'
actionpack (5.1.6) lib/action_dispatch/middleware/request_id.rb:25:in `call'
rack (2.0.4) lib/rack/method_override.rb:22:in `call'
rack (2.0.4) lib/rack/runtime.rb:22:in `call'
activesupport (5.1.6) lib/active_support/cache/strategy/local_cache_middleware.rb:27:in `call'
actionpack (5.1.6) lib/action_dispatch/middleware/executor.rb:12:in `call'
actionpack (5.1.6) lib/action_dispatch/middleware/static.rb:125:in `call'
rack (2.0.4) lib/rack/sendfile.rb:111:in `call'
railties (5.1.6) lib/rails/engine.rb:522:in `call'
puma (3.11.3) lib/puma/configuration.rb:225:in `call'
puma (3.11.3) lib/puma/server.rb:624:in `handle_request'
puma (3.11.3) lib/puma/server.rb:438:in `process_client'
puma (3.11.3) lib/puma/server.rb:302:in `block in run'
puma (3.11.3) lib/puma/thread_pool.rb:120:in `block in spawn_thread'
Started GET "/home" for 127.0.0.1 at 2018-04-04 13:16:07 -0400
  
ActionController::RoutingError (No route matches [GET] "/home"):
  
actionpack (5.1.6) lib/action_dispatch/middleware/debug_exceptions.rb:63:in `call'
web-console (3.5.1) lib/web_console/middleware.rb:135:in `call_app'
web-console (3.5.1) lib/web_console/middleware.rb:28:in `block in call'
web-console (3.5.1) lib/web_console/middleware.rb:18:in `catch'
web-console (3.5.1) lib/web_console/middleware.rb:18:in `call'
actionpack (5.1.6) lib/action_dispatch/middleware/show_exceptions.rb:31:in `call'
railties (5.1.6) lib/rails/rack/logger.rb:36:in `call_app'
railties (5.1.6) lib/rails/rack/logger.rb:24:in `block in call'
activesupport (5.1.6) lib/active_support/tagged_logging.rb:69:in `block in tagged'
activesupport (5.1.6) lib/active_support/tagged_logging.rb:26:in `tagged'
activesupport (5.1.6) lib/active_support/tagged_logging.rb:69:in `tagged'
railties (5.1.6) lib/rails/rack/logger.rb:24:in `call'
sprockets-rails (3.2.1) lib/sprockets/rails/quiet_assets.rb:13:in `call'
actionpack (5.1.6) lib/action_dispatch/middleware/remote_ip.rb:79:in `call'
actionpack (5.1.6) lib/action_dispatch/middleware/request_id.rb:25:in `call'
rack (2.0.4) lib/rack/method_override.rb:22:in `call'
rack (2.0.4) lib/rack/runtime.rb:22:in `call'
activesupport (5.1.6) lib/active_support/cache/strategy/local_cache_middleware.rb:27:in `call'
actionpack (5.1.6) lib/action_dispatch/middleware/executor.rb:12:in `call'
actionpack (5.1.6) lib/action_dispatch/middleware/static.rb:125:in `call'
rack (2.0.4) lib/rack/sendfile.rb:111:in `call'
railties (5.1.6) lib/rails/engine.rb:522:in `call'
puma (3.11.3) lib/puma/configuration.rb:225:in `call'
puma (3.11.3) lib/puma/server.rb:624:in `handle_request'
puma (3.11.3) lib/puma/server.rb:438:in `process_client'
puma (3.11.3) lib/puma/server.rb:302:in `block in run'
puma (3.11.3) lib/puma/thread_pool.rb:120:in `block in spawn_thread'
Started GET "/home" for 127.0.0.1 at 2018-04-04 13:17:04 -0400
  
ActionController::RoutingError (No route matches [GET] "/home"):
  
actionpack (5.1.6) lib/action_dispatch/middleware/debug_exceptions.rb:63:in `call'
web-console (3.5.1) lib/web_console/middleware.rb:135:in `call_app'
web-console (3.5.1) lib/web_console/middleware.rb:28:in `block in call'
web-console (3.5.1) lib/web_console/middleware.rb:18:in `catch'
web-console (3.5.1) lib/web_console/middleware.rb:18:in `call'
actionpack (5.1.6) lib/action_dispatch/middleware/show_exceptions.rb:31:in `call'
railties (5.1.6) lib/rails/rack/logger.rb:36:in `call_app'
railties (5.1.6) lib/rails/rack/logger.rb:24:in `block in call'
activesupport (5.1.6) lib/active_support/tagged_logging.rb:69:in `block in tagged'
activesupport (5.1.6) lib/active_support/tagged_logging.rb:26:in `tagged'
activesupport (5.1.6) lib/active_support/tagged_logging.rb:69:in `tagged'
railties (5.1.6) lib/rails/rack/logger.rb:24:in `call'
sprockets-rails (3.2.1) lib/sprockets/rails/quiet_assets.rb:13:in `call'
actionpack (5.1.6) lib/action_dispatch/middleware/remote_ip.rb:79:in `call'
actionpack (5.1.6) lib/action_dispatch/middleware/request_id.rb:25:in `call'
rack (2.0.4) lib/rack/method_override.rb:22:in `call'
rack (2.0.4) lib/rack/runtime.rb:22:in `call'
activesupport (5.1.6) lib/active_support/cache/strategy/local_cache_middleware.rb:27:in `call'
actionpack (5.1.6) lib/action_dispatch/middleware/executor.rb:12:in `call'
actionpack (5.1.6) lib/action_dispatch/middleware/static.rb:125:in `call'
rack (2.0.4) lib/rack/sendfile.rb:111:in `call'
railties (5.1.6) lib/rails/engine.rb:522:in `call'
puma (3.11.3) lib/puma/configuration.rb:225:in `call'
puma (3.11.3) lib/puma/server.rb:624:in `handle_request'
puma (3.11.3) lib/puma/server.rb:438:in `process_client'
puma (3.11.3) lib/puma/server.rb:302:in `block in run'
puma (3.11.3) lib/puma/thread_pool.rb:120:in `block in spawn_thread'
Started GET "/home" for 127.0.0.1 at 2018-04-04 13:17:06 -0400
  
ActionController::RoutingError (No route matches [GET] "/home"):
  
actionpack (5.1.6) lib/action_dispatch/middleware/debug_exceptions.rb:63:in `call'
web-console (3.5.1) lib/web_console/middleware.rb:135:in `call_app'
web-console (3.5.1) lib/web_console/middleware.rb:28:in `block in call'
web-console (3.5.1) lib/web_console/middleware.rb:18:in `catch'
web-console (3.5.1) lib/web_console/middleware.rb:18:in `call'
actionpack (5.1.6) lib/action_dispatch/middleware/show_exceptions.rb:31:in `call'
railties (5.1.6) lib/rails/rack/logger.rb:36:in `call_app'
railties (5.1.6) lib/rails/rack/logger.rb:24:in `block in call'
activesupport (5.1.6) lib/active_support/tagged_logging.rb:69:in `block in tagged'
activesupport (5.1.6) lib/active_support/tagged_logging.rb:26:in `tagged'
activesupport (5.1.6) lib/active_support/tagged_logging.rb:69:in `tagged'
railties (5.1.6) lib/rails/rack/logger.rb:24:in `call'
sprockets-rails (3.2.1) lib/sprockets/rails/quiet_assets.rb:13:in `call'
actionpack (5.1.6) lib/action_dispatch/middleware/remote_ip.rb:79:in `call'
actionpack (5.1.6) lib/action_dispatch/middleware/request_id.rb:25:in `call'
rack (2.0.4) lib/rack/method_override.rb:22:in `call'
rack (2.0.4) lib/rack/runtime.rb:22:in `call'
activesupport (5.1.6) lib/active_support/cache/strategy/local_cache_middleware.rb:27:in `call'
actionpack (5.1.6) lib/action_dispatch/middleware/executor.rb:12:in `call'
actionpack (5.1.6) lib/action_dispatch/middleware/static.rb:125:in `call'
rack (2.0.4) lib/rack/sendfile.rb:111:in `call'
railties (5.1.6) lib/rails/engine.rb:522:in `call'
puma (3.11.3) lib/puma/configuration.rb:225:in `call'
puma (3.11.3) lib/puma/server.rb:624:in `handle_request'
puma (3.11.3) lib/puma/server.rb:438:in `process_client'
puma (3.11.3) lib/puma/server.rb:302:in `block in run'
puma (3.11.3) lib/puma/thread_pool.rb:120:in `block in spawn_thread'
Started GET "/home" for 127.0.0.1 at 2018-04-04 13:17:11 -0400
  
ActionController::RoutingError (No route matches [GET] "/home"):
  
actionpack (5.1.6) lib/action_dispatch/middleware/debug_exceptions.rb:63:in `call'
web-console (3.5.1) lib/web_console/middleware.rb:135:in `call_app'
web-console (3.5.1) lib/web_console/middleware.rb:28:in `block in call'
web-console (3.5.1) lib/web_console/middleware.rb:18:in `catch'
web-console (3.5.1) lib/web_console/middleware.rb:18:in `call'
actionpack (5.1.6) lib/action_dispatch/middleware/show_exceptions.rb:31:in `call'
railties (5.1.6) lib/rails/rack/logger.rb:36:in `call_app'
railties (5.1.6) lib/rails/rack/logger.rb:24:in `block in call'
activesupport (5.1.6) lib/active_support/tagged_logging.rb:69:in `block in tagged'
activesupport (5.1.6) lib/active_support/tagged_logging.rb:26:in `tagged'
activesupport (5.1.6) lib/active_support/tagged_logging.rb:69:in `tagged'
railties (5.1.6) lib/rails/rack/logger.rb:24:in `call'
sprockets-rails (3.2.1) lib/sprockets/rails/quiet_assets.rb:13:in `call'
actionpack (5.1.6) lib/action_dispatch/middleware/remote_ip.rb:79:in `call'
actionpack (5.1.6) lib/action_dispatch/middleware/request_id.rb:25:in `call'
rack (2.0.4) lib/rack/method_override.rb:22:in `call'
rack (2.0.4) lib/rack/runtime.rb:22:in `call'
activesupport (5.1.6) lib/active_support/cache/strategy/local_cache_middleware.rb:27:in `call'
actionpack (5.1.6) lib/action_dispatch/middleware/executor.rb:12:in `call'
actionpack (5.1.6) lib/action_dispatch/middleware/static.rb:125:in `call'
rack (2.0.4) lib/rack/sendfile.rb:111:in `call'
railties (5.1.6) lib/rails/engine.rb:522:in `call'
puma (3.11.3) lib/puma/configuration.rb:225:in `call'
puma (3.11.3) lib/puma/server.rb:624:in `handle_request'
puma (3.11.3) lib/puma/server.rb:438:in `process_client'
puma (3.11.3) lib/puma/server.rb:302:in `block in run'
puma (3.11.3) lib/puma/thread_pool.rb:120:in `block in spawn_thread'
Started GET "/home/index" for 127.0.0.1 at 2018-04-04 13:17:31 -0400
Processing by HomeController#index as HTML
  Rendering home/index.html.erb within layouts/application
  Rendered home/index.html.erb within layouts/application (0.3ms)
Completed 200 OK in 3013ms (Views: 3008.9ms | ActiveRecord: 0.0ms)


Started GET "/home/index" for 127.0.0.1 at 2018-04-04 13:27:32 -0400
  [1m[35m (23.4ms)[0m  [1m[34mSELECT "schema_migrations"."version" FROM "schema_migrations" ORDER BY "schema_migrations"."version" ASC[0m
Processing by HomeController#index as HTML
  Rendering home/index.html.erb within layouts/application
  Rendered home/index.html.erb within layouts/application (9.3ms)
Completed 200 OK in 603ms (Views: 592.4ms | ActiveRecord: 0.0ms)


Started GET "/home/index" for 127.0.0.1 at 2018-04-04 13:42:59 -0400
Processing by HomeController#index as HTML
  Rendering home/index.html.erb within layouts/application
  Rendered home/index.html.erb within layouts/application (0.7ms)
Completed 200 OK in 262ms (Views: 257.0ms | ActiveRecord: 0.0ms)


Started GET "/jokes" for 127.0.0.1 at 2018-04-04 13:43:04 -0400
Processing by JokesController#index as HTML
  Rendering jokes/index.html.erb within layouts/application
  Rendered jokes/index.html.erb within layouts/application (1.6ms)
Completed 200 OK in 64ms (Views: 60.7ms | ActiveRecord: 0.0ms)


Started GET "/jokes/show" for 127.0.0.1 at 2018-04-04 13:43:06 -0400
Processing by JokesController#show as HTML
  Rendering jokes/show.html.erb within layouts/application
  Rendered jokes/show.html.erb within layouts/application (0.4ms)
Completed 200 OK in 46ms (Views: 42.4ms | ActiveRecord: 0.0ms)


Started GET "/jokes/edit" for 127.0.0.1 at 2018-04-04 13:43:10 -0400
Processing by JokesController#edit as HTML
  Rendering jokes/edit.html.erb within layouts/application
  Rendered jokes/edit.html.erb within layouts/application (1.3ms)
Completed 200 OK in 49ms (Views: 45.1ms | ActiveRecord: 0.0ms)


Started GET "/jokes/" for 127.0.0.1 at 2018-04-04 13:50:13 -0400
Processing by JokesController#index as HTML
  Rendering jokes/index.html.erb within layouts/application
  Rendered jokes/index.html.erb within layouts/application (0.4ms)
Completed 200 OK in 309ms (Views: 306.0ms | ActiveRecord: 0.0ms)


Started GET "/jokes/" for 127.0.0.1 at 2018-04-04 13:50:24 -0400
Processing by JokesController#index as HTML
  Rendering jokes/index.html.erb within layouts/application
  Rendered jokes/index.html.erb within layouts/application (0.4ms)
Completed 200 OK in 41ms (Views: 35.7ms | ActiveRecord: 0.0ms)


Started GET "/jokes/" for 127.0.0.1 at 2018-04-04 14:04:01 -0400
Processing by JokesController#index as HTML
  Rendering jokes/index.html.erb within layouts/application
  Rendered jokes/index.html.erb within layouts/application (13.2ms)
Completed 500 Internal Server Error in 99ms (ActiveRecord: 0.0ms)


  
ActionView::Template::Error (No route matches {:action=>"get_rand", :controller=>"jokes"}):
    1: <h1>Jokes#index</h1>
    2: <p>Find me in app/views/jokes/index.html.erb</p>
    3: <p>Here are the jokes</p>
    4: <%= link_to 'Knock Knock Jokes', :controller => :jokes, :action => :get_rand %>
  
app/views/jokes/index.html.erb:4:in `_app_views_jokes_index_html_erb__2079012817472626904_70227624286820'
Started GET "/jokes/" for 127.0.0.1 at 2018-04-04 14:05:44 -0400
Processing by JokesController#index as HTML
  Rendering jokes/index.html.erb within layouts/application
  Rendered jokes/index.html.erb within layouts/application (1.1ms)
Completed 200 OK in 972ms (Views: 852.8ms | ActiveRecord: 0.0ms)


Started GET "/jokes/random" for 127.0.0.1 at 2018-04-04 14:05:48 -0400
Processing by JokesController#get_rand as HTML
Completed 500 Internal Server Error in 465ms (ActiveRecord: 0.0ms)


  
NameError (uninitialized constant JokesController::Quote):
  
app/controllers/jokes_controller.rb:36:in `get_rand'
Started GET "/jokes/random" for 127.0.0.1 at 2018-04-04 14:06:45 -0400
Processing by JokesController#get_rand as HTML
Completed 500 Internal Server Error in 139ms (ActiveRecord: 0.0ms)


  
NameError (uninitialized constant JokesController::Quote):
  
app/controllers/jokes_controller.rb:36:in `get_rand'
Started GET "/jokes/random" for 127.0.0.1 at 2018-04-04 14:06:55 -0400
Processing by JokesController#get_rand as HTML
Completed 500 Internal Server Error in 293ms (ActiveRecord: 7.7ms)


  
ActiveModel::UnknownAttributeError (unknown attribute 'author' for Joke.):
  
app/controllers/jokes_controller.rb:36:in `get_rand'
Started GET "/jokes/random" for 127.0.0.1 at 2018-04-04 14:09:05 -0400
Processing by JokesController#get_rand as HTML
Completed 500 Internal Server Error in 147ms (ActiveRecord: 3.1ms)


  
ActiveModel::UnknownAttributeError (unknown attribute 'author' for Joke.):
  
app/controllers/jokes_controller.rb:36:in `get_rand'
Started GET "/jokes/random" for 127.0.0.1 at 2018-04-04 14:09:10 -0400
Processing by JokesController#get_rand as HTML
Completed 500 Internal Server Error in 80ms (ActiveRecord: 0.0ms)


  
ActiveModel::UnknownAttributeError (unknown attribute 'author' for Joke.):
  
app/controllers/jokes_controller.rb:36:in `get_rand'
  [1m[35m (0.2ms)[0m  [1m[34mSELECT pg_try_advisory_lock(6094577734693688415)[0m
  [1m[35m (42.0ms)[0m  [1m[34mSELECT "schema_migrations"."version" FROM "schema_migrations" ORDER BY "schema_migrations"."version" ASC[0m
  [1m[36mActiveRecord::InternalMetadata Load (58.4ms)[0m  [1m[34mSELECT  "ar_internal_metadata".* FROM "ar_internal_metadata" WHERE "ar_internal_metadata"."key" = $1 LIMIT $2[0m  [["key", "environment"], ["LIMIT", 1]]
  [1m[35m (0.3ms)[0m  [1m[35mBEGIN[0m
  [1m[35m (0.2ms)[0m  [1m[35mCOMMIT[0m
  [1m[35m (0.4ms)[0m  [1m[34mSELECT pg_advisory_unlock(6094577734693688415)[0m
  [1m[35m (0.5ms)[0m  [1m[34mSELECT "schema_migrations"."version" FROM "schema_migrations" ORDER BY "schema_migrations"."version" ASC[0m
  [1m[35m (0.2ms)[0m  [1m[34mSELECT pg_try_advisory_lock(6094577734693688415)[0m
  [1m[35m (20.1ms)[0m  [1m[34mSELECT "schema_migrations"."version" FROM "schema_migrations" ORDER BY "schema_migrations"."version" ASC[0m
  [1m[36mActiveRecord::InternalMetadata Load (0.7ms)[0m  [1m[34mSELECT  "ar_internal_metadata".* FROM "ar_internal_metadata" WHERE "ar_internal_metadata"."key" = $1 LIMIT $2[0m  [["key", "environment"], ["LIMIT", 1]]
  [1m[35m (0.2ms)[0m  [1m[35mBEGIN[0m
  [1m[35m (0.2ms)[0m  [1m[35mCOMMIT[0m
  [1m[35m (0.4ms)[0m  [1m[34mSELECT pg_advisory_unlock(6094577734693688415)[0m
  [1m[35m (0.2ms)[0m  [1m[34mSELECT "schema_migrations"."version" FROM "schema_migrations" ORDER BY "schema_migrations"."version" ASC[0m
  [1m[35m (0.2ms)[0m  [1m[34mSELECT pg_try_advisory_lock(6094577734693688415)[0m
  [1m[35m (30.0ms)[0m  [1m[34mSELECT "schema_migrations"."version" FROM "schema_migrations" ORDER BY "schema_migrations"."version" ASC[0m
  [1m[36mActiveRecord::InternalMetadata Load (0.4ms)[0m  [1m[34mSELECT  "ar_internal_metadata".* FROM "ar_internal_metadata" WHERE "ar_internal_metadata"."key" = $1 LIMIT $2[0m  [["key", "environment"], ["LIMIT", 1]]
  [1m[35m (0.2ms)[0m  [1m[35mBEGIN[0m
  [1m[35m (0.2ms)[0m  [1m[35mCOMMIT[0m
  [1m[35m (0.3ms)[0m  [1m[34mSELECT pg_advisory_unlock(6094577734693688415)[0m
  [1m[35m (0.2ms)[0m  [1m[34mSELECT "schema_migrations"."version" FROM "schema_migrations" ORDER BY "schema_migrations"."version" ASC[0m
  [1m[35m (0.2ms)[0m  [1m[34mSELECT pg_try_advisory_lock(6094577734693688415)[0m
  [1m[35m (54.8ms)[0m  [1m[34mSELECT "schema_migrations"."version" FROM "schema_migrations" ORDER BY "schema_migrations"."version" ASC[0m
Migrating to AddColumnsToJoke (20180404182600)
  [1m[35m (0.2ms)[0m  [1m[35mBEGIN[0m
  [1m[35mSQL (0.4ms)[0m  [1m[32mINSERT INTO "schema_migrations" ("version") VALUES ($1) RETURNING "version"[0m  [["version", "20180404182600"]]
  [1m[35m (40.8ms)[0m  [1m[35mCOMMIT[0m
Migrating to AddColumnsToJokes (20180404182615)
  [1m[35m (0.2ms)[0m  [1m[35mBEGIN[0m
  [1m[35m (139.1ms)[0m  [1m[35mALTER TABLE "jokes" ADD "body" character varying[0m
  [1m[35m (0.3ms)[0m  [1m[35mALTER TABLE "jokes" ADD "author" character varying[0m
  [1m[35mSQL (0.2ms)[0m  [1m[32mINSERT INTO "schema_migrations" ("version") VALUES ($1) RETURNING "version"[0m  [["version", "20180404182615"]]
  [1m[35m (0.8ms)[0m  [1m[35mCOMMIT[0m
  [1m[36mActiveRecord::InternalMetadata Load (0.4ms)[0m  [1m[34mSELECT  "ar_internal_metadata".* FROM "ar_internal_metadata" WHERE "ar_internal_metadata"."key" = $1 LIMIT $2[0m  [["key", "environment"], ["LIMIT", 1]]
  [1m[35m (0.2ms)[0m  [1m[35mBEGIN[0m
  [1m[35m (0.2ms)[0m  [1m[35mCOMMIT[0m
  [1m[35m (0.3ms)[0m  [1m[34mSELECT pg_advisory_unlock(6094577734693688415)[0m
  [1m[35m (0.2ms)[0m  [1m[34mSELECT "schema_migrations"."version" FROM "schema_migrations" ORDER BY "schema_migrations"."version" ASC[0m
  [1m[35m (0.9ms)[0m  [1m[34mSELECT "schema_migrations"."version" FROM "schema_migrations" ORDER BY "schema_migrations"."version" ASC[0m
  [1m[35m (0.3ms)[0m  [1m[35mBEGIN[0m
  [1m[35mSQL (15.3ms)[0m  [1m[32mINSERT INTO "jokes" ("created_at", "updated_at", "body", "author") VALUES ($1, $2, $3, $4) RETURNING "id"[0m  [["created_at", "2018-04-04 18:30:29.874316"], ["updated_at", "2018-04-04 18:30:29.874316"], ["body", "Out of all the things I lost, I miss my mind the most"], ["author", "Ozzy"]]
  [1m[35m (0.6ms)[0m  [1m[35mCOMMIT[0m
Started GET "/jokes/random" for 127.0.0.1 at 2018-04-04 14:33:33 -0400
  [1m[35m (0.6ms)[0m  [1m[34mSELECT "schema_migrations"."version" FROM "schema_migrations" ORDER BY "schema_migrations"."version" ASC[0m
Processing by JokesController#get_rand as HTML
  [1m[35m (0.2ms)[0m  [1m[35mBEGIN[0m
  [1m[35mSQL (1.0ms)[0m  [1m[32mINSERT INTO "jokes" ("created_at", "updated_at", "body", "author") VALUES ($1, $2, $3, $4) RETURNING "id"[0m  [["created_at", "2018-04-04 18:33:33.937808"], ["updated_at", "2018-04-04 18:33:33.937808"], ["body", "Hey, I'm the chief here. Bake him away, toys."], ["author", "Chief Wiggum"]]
  [1m[35m (30.5ms)[0m  [1m[35mCOMMIT[0m
Redirected to http://localhost:3000/jokes
Completed 302 Found in 449ms (ActiveRecord: 37.5ms)


Started GET "/jokes" for 127.0.0.1 at 2018-04-04 14:33:34 -0400
Processing by JokesController#index as HTML
  [1m[36mJoke Load (0.6ms)[0m  [1m[34mSELECT "jokes".* FROM "jokes"[0m
Completed 200 OK in 31ms (Views: 29.9ms | ActiveRecord: 0.6ms)


Started GET "/jokes" for 127.0.0.1 at 2018-04-04 14:33:41 -0400
Processing by JokesController#index as HTML
  [1m[36mJoke Load (0.3ms)[0m  [1m[34mSELECT "jokes".* FROM "jokes"[0m
Completed 200 OK in 2ms (Views: 1.5ms | ActiveRecord: 0.3ms)


Started GET "/jokes" for 127.0.0.1 at 2018-04-04 14:33:45 -0400
Processing by JokesController#index as HTML
  [1m[36mJoke Load (0.3ms)[0m  [1m[34mSELECT "jokes".* FROM "jokes"[0m
Completed 200 OK in 2ms (Views: 1.4ms | ActiveRecord: 0.3ms)


Started GET "/jokes" for 127.0.0.1 at 2018-04-04 14:33:51 -0400
Processing by JokesController#index as HTML
  [1m[36mJoke Load (0.3ms)[0m  [1m[34mSELECT "jokes".* FROM "jokes"[0m
Completed 200 OK in 2ms (Views: 1.5ms | ActiveRecord: 0.3ms)


Started GET "/jokes" for 127.0.0.1 at 2018-04-04 14:33:54 -0400
Processing by JokesController#index as HTML
  [1m[36mJoke Load (0.2ms)[0m  [1m[34mSELECT "jokes".* FROM "jokes"[0m
Completed 200 OK in 2ms (Views: 1.5ms | ActiveRecord: 0.2ms)


Started GET "/index" for 127.0.0.1 at 2018-04-04 14:34:09 -0400
  
ActionController::RoutingError (No route matches [GET] "/index"):
  
actionpack (5.1.6) lib/action_dispatch/middleware/debug_exceptions.rb:63:in `call'
web-console (3.5.1) lib/web_console/middleware.rb:135:in `call_app'
web-console (3.5.1) lib/web_console/middleware.rb:28:in `block in call'
web-console (3.5.1) lib/web_console/middleware.rb:18:in `catch'
web-console (3.5.1) lib/web_console/middleware.rb:18:in `call'
actionpack (5.1.6) lib/action_dispatch/middleware/show_exceptions.rb:31:in `call'
railties (5.1.6) lib/rails/rack/logger.rb:36:in `call_app'
railties (5.1.6) lib/rails/rack/logger.rb:24:in `block in call'
activesupport (5.1.6) lib/active_support/tagged_logging.rb:69:in `block in tagged'
activesupport (5.1.6) lib/active_support/tagged_logging.rb:26:in `tagged'
activesupport (5.1.6) lib/active_support/tagged_logging.rb:69:in `tagged'
railties (5.1.6) lib/rails/rack/logger.rb:24:in `call'
sprockets-rails (3.2.1) lib/sprockets/rails/quiet_assets.rb:13:in `call'
actionpack (5.1.6) lib/action_dispatch/middleware/remote_ip.rb:79:in `call'
actionpack (5.1.6) lib/action_dispatch/middleware/request_id.rb:25:in `call'
rack (2.0.4) lib/rack/method_override.rb:22:in `call'
rack (2.0.4) lib/rack/runtime.rb:22:in `call'
activesupport (5.1.6) lib/active_support/cache/strategy/local_cache_middleware.rb:27:in `call'
actionpack (5.1.6) lib/action_dispatch/middleware/executor.rb:12:in `call'
actionpack (5.1.6) lib/action_dispatch/middleware/static.rb:125:in `call'
rack (2.0.4) lib/rack/sendfile.rb:111:in `call'
railties (5.1.6) lib/rails/engine.rb:522:in `call'
puma (3.11.3) lib/puma/configuration.rb:225:in `call'
puma (3.11.3) lib/puma/server.rb:624:in `handle_request'
puma (3.11.3) lib/puma/server.rb:438:in `process_client'
puma (3.11.3) lib/puma/server.rb:302:in `block in run'
puma (3.11.3) lib/puma/thread_pool.rb:120:in `block in spawn_thread'
Started GET "/jokes/index" for 127.0.0.1 at 2018-04-04 14:34:14 -0400
Processing by JokesController#index as HTML
  [1m[36mJoke Load (0.3ms)[0m  [1m[34mSELECT "jokes".* FROM "jokes"[0m
Completed 200 OK in 2ms (Views: 1.5ms | ActiveRecord: 0.3ms)


Started GET "/jokes/index" for 127.0.0.1 at 2018-04-04 14:34:34 -0400
Processing by JokesController#index as HTML
  Rendering jokes/index.html.erb within layouts/application
  Rendered jokes/index.html.erb within layouts/application (15.7ms)
Completed 500 Internal Server Error in 33ms (ActiveRecord: 0.0ms)


  
ActionView::Template::Error (Missing partial jokes/_myheader, application/_myheader with {:locale=>[:en], :formats=>[:html], :variants=>[], :handlers=>[:raw, :erb, :html, :builder, :ruby, :coffee, :jbuilder]}. Searched in:
  * "/Users/hanizahra/Desktop/code/wdi/UNIT_04/Reddit-Joke-Book/reddit_joke_book/app/views"
  * "/Users/hanizahra/.rbenv/versions/2.5.0/lib/ruby/gems/2.5.0/gems/devise-4.4.3/app/views"
):
    1: <h1>Jokes#index</h1>
    2: 
    3: <%= render 'myheader' %>
    4: 
    5: <% @jokes.each do |joke| %>
    6:   <span>
  
app/views/jokes/index.html.erb:3:in `_app_views_jokes_index_html_erb__2079012817472626904_70227575532660'
Started GET "/jokes/index" for 127.0.0.1 at 2018-04-04 14:35:24 -0400
Processing by JokesController#index as HTML
  Rendering jokes/index.html.erb within layouts/application
  Rendered jokes/_myheader.html.erb (0.2ms)
  [1m[36mJoke Load (0.3ms)[0m  [1m[34mSELECT "jokes".* FROM "jokes"[0m
  Rendered jokes/index.html.erb within layouts/application (210.0ms)
Completed 200 OK in 472ms (Views: 444.2ms | ActiveRecord: 4.1ms)


Started GET "/jokes/random" for 127.0.0.1 at 2018-04-04 14:35:30 -0400
Processing by JokesController#get_rand as HTML
  [1m[35m (0.2ms)[0m  [1m[35mBEGIN[0m
  [1m[35mSQL (0.4ms)[0m  [1m[32mINSERT INTO "jokes" ("created_at", "updated_at", "body", "author") VALUES ($1, $2, $3, $4) RETURNING "id"[0m  [["created_at", "2018-04-04 18:35:30.817175"], ["updated_at", "2018-04-04 18:35:30.817175"], ["body", "Well, I'm better than dirt. Well, most kinds of dirt. I mean not that fancy store bought dirt. That stuffs loaded with nutrients. I.. I can't compete with that stuff."], ["author", "Moe Szyslak"]]
  [1m[35m (0.5ms)[0m  [1m[35mCOMMIT[0m
Redirected to http://localhost:3000/jokes
Completed 302 Found in 161ms (ActiveRecord: 1.1ms)


Started GET "/jokes" for 127.0.0.1 at 2018-04-04 14:35:30 -0400
Processing by JokesController#index as HTML
  Rendering jokes/index.html.erb within layouts/application
  Rendered jokes/_myheader.html.erb (0.2ms)
  [1m[36mJoke Load (0.3ms)[0m  [1m[34mSELECT "jokes".* FROM "jokes"[0m
  Rendered jokes/index.html.erb within layouts/application (6.9ms)
Completed 200 OK in 39ms (Views: 35.6ms | ActiveRecord: 0.3ms)


Started GET "/jokes/random" for 127.0.0.1 at 2018-04-04 14:35:32 -0400
Processing by JokesController#get_rand as HTML
  [1m[35m (0.1ms)[0m  [1m[35mBEGIN[0m
  [1m[35mSQL (0.3ms)[0m  [1m[32mINSERT INTO "jokes" ("created_at", "updated_at", "body", "author") VALUES ($1, $2, $3, $4) RETURNING "id"[0m  [["created_at", "2018-04-04 18:35:32.756292"], ["updated_at", "2018-04-04 18:35:32.756292"], ["body", "By chilling my loins I increase the chances of impregnating my wife."], ["author", "Apu Nahasapeemapetilon"]]
  [1m[35m (40.7ms)[0m  [1m[35mCOMMIT[0m
Redirected to http://localhost:3000/jokes
Completed 302 Found in 130ms (ActiveRecord: 41.2ms)


Started GET "/jokes" for 127.0.0.1 at 2018-04-04 14:35:32 -0400
Processing by JokesController#index as HTML
  Rendering jokes/index.html.erb within layouts/application
  Rendered jokes/_myheader.html.erb (0.2ms)
  [1m[36mJoke Load (0.3ms)[0m  [1m[34mSELECT "jokes".* FROM "jokes"[0m
  Rendered jokes/index.html.erb within layouts/application (6.4ms)
Completed 200 OK in 38ms (Views: 34.8ms | ActiveRecord: 0.3ms)


Started GET "/jokes" for 127.0.0.1 at 2018-04-04 14:41:51 -0400
Processing by JokesController#index as HTML
  Rendering jokes/index.html.erb within layouts/application
  Rendered jokes/_myheader.html.erb (0.4ms)
  [1m[36mJoke Load (0.3ms)[0m  [1m[34mSELECT "jokes".* FROM "jokes"[0m
  Rendered jokes/index.html.erb within layouts/application (35.3ms)
Completed 200 OK in 391ms (Views: 322.7ms | ActiveRecord: 4.7ms)


Started GET "/jokes" for 127.0.0.1 at 2018-04-04 14:41:54 -0400
Processing by JokesController#index as HTML
  Rendering jokes/index.html.erb within layouts/application
  Rendered jokes/_myheader.html.erb (0.3ms)
  [1m[36mJoke Load (0.3ms)[0m  [1m[34mSELECT "jokes".* FROM "jokes"[0m
  Rendered jokes/index.html.erb within layouts/application (7.2ms)
Completed 200 OK in 53ms (Views: 48.9ms | ActiveRecord: 0.3ms)


Started GET "/jokes/random" for 127.0.0.1 at 2018-04-04 14:41:56 -0400
Processing by JokesController#get_rand as HTML
Completed 500 Internal Server Error in 1042ms (ActiveRecord: 0.0ms)


  
TypeError (no implicit conversion of String into Integer):
  
app/controllers/jokes_controller.rb:40:in `[]'
app/controllers/jokes_controller.rb:40:in `get_rand'
Started GET "/jokes/random" for 127.0.0.1 at 2018-04-04 14:42:35 -0400
Processing by JokesController#get_rand as HTML
  [1m[35m (0.2ms)[0m  [1m[35mBEGIN[0m
  [1m[35mSQL (0.4ms)[0m  [1m[32mINSERT INTO "jokes" ("created_at", "updated_at", "body", "author") VALUES ($1, $2, $3, $4) RETURNING "id"[0m  [["created_at", "2018-04-04 18:42:36.229310"], ["updated_at", "2018-04-04 18:42:36.229310"], ["body", "*knock knock*"], ["author", "theBlueAzure"]]
  [1m[35m (41.4ms)[0m  [1m[35mCOMMIT[0m
Redirected to http://localhost:3000/jokes
Completed 302 Found in 297ms (ActiveRecord: 45.2ms)


Started GET "/jokes" for 127.0.0.1 at 2018-04-04 14:42:36 -0400
Processing by JokesController#index as HTML
  Rendering jokes/index.html.erb within layouts/application
  Rendered jokes/_myheader.html.erb (0.2ms)
  [1m[36mJoke Load (0.3ms)[0m  [1m[34mSELECT "jokes".* FROM "jokes"[0m
  Rendered jokes/index.html.erb within layouts/application (7.7ms)
Completed 200 OK in 42ms (Views: 38.0ms | ActiveRecord: 0.3ms)


Started GET "/jokes/random" for 127.0.0.1 at 2018-04-04 14:42:39 -0400
Processing by JokesController#get_rand as HTML
  [1m[35m (0.2ms)[0m  [1m[35mBEGIN[0m
  [1m[35mSQL (34.8ms)[0m  [1m[32mINSERT INTO "jokes" ("created_at", "updated_at", "body", "author") VALUES ($1, $2, $3, $4) RETURNING "id"[0m  [["created_at", "2018-04-04 18:42:39.618059"], ["updated_at", "2018-04-04 18:42:39.618059"], ["body", "*knock knock*"], ["author", "theBlueAzure"]]
  [1m[35m (0.5ms)[0m  [1m[35mCOMMIT[0m
Redirected to http://localhost:3000/jokes
Completed 302 Found in 249ms (ActiveRecord: 35.5ms)


Started GET "/jokes" for 127.0.0.1 at 2018-04-04 14:42:39 -0400
Processing by JokesController#index as HTML
  Rendering jokes/index.html.erb within layouts/application
  Rendered jokes/_myheader.html.erb (0.2ms)
  [1m[36mJoke Load (0.3ms)[0m  [1m[34mSELECT "jokes".* FROM "jokes"[0m
  Rendered jokes/index.html.erb within layouts/application (6.8ms)
Completed 200 OK in 65ms (Views: 61.9ms | ActiveRecord: 0.3ms)


Started GET "/jokes/random" for 127.0.0.1 at 2018-04-04 14:42:43 -0400
Processing by JokesController#get_rand as HTML
  [1m[35m (0.1ms)[0m  [1m[35mBEGIN[0m
  [1m[35mSQL (0.3ms)[0m  [1m[32mINSERT INTO "jokes" ("created_at", "updated_at", "body", "author") VALUES ($1, $2, $3, $4) RETURNING "id"[0m  [["created_at", "2018-04-04 18:42:43.630637"], ["updated_at", "2018-04-04 18:42:43.630637"], ["body", "*knock knock*"], ["author", "theBlueAzure"]]
  [1m[35m (42.5ms)[0m  [1m[35mCOMMIT[0m
Redirected to http://localhost:3000/jokes
Completed 302 Found in 608ms (ActiveRecord: 42.9ms)


Started GET "/jokes" for 127.0.0.1 at 2018-04-04 14:42:43 -0400
Processing by JokesController#index as HTML
  Rendering jokes/index.html.erb within layouts/application
  Rendered jokes/_myheader.html.erb (0.2ms)
  [1m[36mJoke Load (0.3ms)[0m  [1m[34mSELECT "jokes".* FROM "jokes"[0m
  Rendered jokes/index.html.erb within layouts/application (7.2ms)
Completed 200 OK in 39ms (Views: 35.1ms | ActiveRecord: 0.3ms)


Started GET "/jokes" for 127.0.0.1 at 2018-04-04 14:43:23 -0400
Processing by JokesController#index as HTML
  Rendering jokes/index.html.erb within layouts/application
  Rendered jokes/_myheader.html.erb (0.4ms)
  [1m[36mJoke Load (0.3ms)[0m  [1m[34mSELECT "jokes".* FROM "jokes"[0m
  Rendered jokes/index.html.erb within layouts/application (17.1ms)
Completed 200 OK in 77ms (Views: 42.1ms | ActiveRecord: 3.2ms)


Started GET "/jokes" for 127.0.0.1 at 2018-04-04 14:43:26 -0400
Processing by JokesController#index as HTML
  Rendering jokes/index.html.erb within layouts/application
  Rendered jokes/_myheader.html.erb (0.2ms)
  [1m[36mJoke Load (0.3ms)[0m  [1m[34mSELECT "jokes".* FROM "jokes"[0m
  Rendered jokes/index.html.erb within layouts/application (7.7ms)
Completed 200 OK in 44ms (Views: 39.9ms | ActiveRecord: 0.3ms)


Started GET "/jokes/7" for 127.0.0.1 at 2018-04-04 14:43:29 -0400
Processing by JokesController#show as HTML
  Parameters: {"authenticity_token"=>"sLAttnB+O+ffRRyTvREZxb7S1HrQ4emXedA0iLTVRIUJv/oslDLynVhPRLofnt+xCEkFjVQe8wK33g57U+v2xA==", "id"=>"7"}
  [1m[36mJoke Load (0.3ms)[0m  [1m[34mSELECT  "jokes".* FROM "jokes" WHERE "jokes"."id" = $1 LIMIT $2[0m  [["id", 7], ["LIMIT", 1]]
  Rendering jokes/show.html.erb within layouts/application
  Rendered jokes/show.html.erb within layouts/application (0.3ms)
Completed 200 OK in 65ms (Views: 28.9ms | ActiveRecord: 0.6ms)


Started GET "/jokes/7" for 127.0.0.1 at 2018-04-04 14:43:32 -0400
Processing by JokesController#show as HTML
  Parameters: {"authenticity_token"=>"sLAttnB+O+ffRRyTvREZxb7S1HrQ4emXedA0iLTVRIUJv/oslDLynVhPRLofnt+xCEkFjVQe8wK33g57U+v2xA==", "id"=>"7"}
  [1m[36mJoke Load (0.4ms)[0m  [1m[34mSELECT  "jokes".* FROM "jokes" WHERE "jokes"."id" = $1 LIMIT $2[0m  [["id", 7], ["LIMIT", 1]]
  Rendering jokes/show.html.erb within layouts/application
  Rendered jokes/show.html.erb within layouts/application (0.4ms)
Completed 200 OK in 36ms (Views: 31.3ms | ActiveRecord: 0.4ms)


Started GET "/jokes/2" for 127.0.0.1 at 2018-04-04 14:43:35 -0400
Processing by JokesController#show as HTML
  Parameters: {"authenticity_token"=>"sLAttnB+O+ffRRyTvREZxb7S1HrQ4emXedA0iLTVRIUJv/oslDLynVhPRLofnt+xCEkFjVQe8wK33g57U+v2xA==", "id"=>"2"}
  [1m[36mJoke Load (0.2ms)[0m  [1m[34mSELECT  "jokes".* FROM "jokes" WHERE "jokes"."id" = $1 LIMIT $2[0m  [["id", 2], ["LIMIT", 1]]
  Rendering jokes/show.html.erb within layouts/application
  Rendered jokes/show.html.erb within layouts/application (0.4ms)
Completed 200 OK in 34ms (Views: 29.5ms | ActiveRecord: 0.2ms)


